2017-08-11 03:35:30,555 Main               - --------------------------------------------------
2017-08-11 03:35:30,567 Main               - Getting Connection ...
2017-08-11 03:36:09,715 Main               - --------------------------------------------------
2017-08-11 03:36:09,727 Main               - Getting Connection ...
2017-08-11 03:36:55,359 Main               - --------------------------------------------------
2017-08-11 03:36:55,379 Main               - Getting Connection ...
2017-08-11 03:36:55,416 Main               - Openning Connection ...
2017-08-11 03:36:55,540 Main               - Connection successful!
2017-08-11 03:36:55,542 Main               - Closing Connection ...
2017-08-11 03:36:55,545 Main               - Connection is closed!
2017-08-11 03:36:55,545 Main               - Sleep in seconds...
2017-08-11 03:36:56,546 Main               - --------------------------------------------------
2017-08-11 03:36:56,546 Main               - Getting Connection ...
2017-08-11 03:36:56,547 Main               - Openning Connection ...
2017-08-11 03:36:56,550 Main               - Connection successful!
2017-08-11 03:36:56,551 Main               - Closing Connection ...
2017-08-11 03:36:56,552 Main               - Connection is closed!
2017-08-11 03:36:56,552 Main               - Sleep in seconds...
2017-08-11 03:36:57,553 Main               - --------------------------------------------------
2017-08-11 03:36:57,553 Main               - Getting Connection ...
2017-08-11 03:36:57,556 Main               - Openning Connection ...
2017-08-11 03:36:57,560 Main               - Connection successful!
2017-08-11 03:36:57,563 Main               - Closing Connection ...
2017-08-11 03:36:57,564 Main               - Connection is closed!
2017-08-11 03:36:57,566 Main               - Sleep in seconds...
2017-08-11 03:36:58,578 Main               - --------------------------------------------------
2017-08-11 03:36:58,580 Main               - Getting Connection ...
2017-08-11 03:36:58,583 Main               - Openning Connection ...
2017-08-11 03:36:58,587 Main               - Connection successful!
2017-08-11 03:36:58,589 Main               - Closing Connection ...
2017-08-11 03:36:58,591 Main               - Connection is closed!
2017-08-11 03:36:58,593 Main               - Sleep in seconds...
2017-08-11 03:36:59,594 Main               - --------------------------------------------------
2017-08-11 03:36:59,595 Main               - Getting Connection ...
2017-08-11 03:36:59,598 Main               - Openning Connection ...
2017-08-11 03:36:59,601 Main               - Connection successful!
2017-08-11 03:36:59,605 Main               - Closing Connection ...
2017-08-11 03:36:59,607 Main               - Connection is closed!
2017-08-11 03:36:59,609 Main               - Sleep in seconds...
2017-08-11 03:37:00,612 Main               - --------------------------------------------------
2017-08-11 03:37:05,053 Main               - Getting Connection ...
2017-08-11 03:37:05,054 Main               - Openning Connection ...
2017-08-11 03:37:05,057 Main               - Connection successful!
2017-08-11 03:37:05,059 Main               - Closing Connection ...
2017-08-11 03:37:05,060 Main               - Connection is closed!
2017-08-11 03:37:05,061 Main               - Sleep in seconds...
2017-08-11 03:37:06,062 Main               - --------------------------------------------------
2017-08-11 03:37:06,062 Main               - Getting Connection ...
2017-08-11 03:37:06,065 Main               - Openning Connection ...
2017-08-11 03:37:06,068 Main               - Connection successful!
2017-08-11 03:37:06,069 Main               - Closing Connection ...
2017-08-11 03:37:06,070 Main               - Connection is closed!
2017-08-11 03:37:06,072 Main               - Sleep in seconds...
2017-08-11 03:37:07,074 Main               - --------------------------------------------------
2017-08-11 03:37:07,074 Main               - Getting Connection ...
2017-08-11 03:37:07,074 Main               - Openning Connection ...
2017-08-11 03:37:07,076 Main               - Connection successful!
2017-08-11 03:37:07,077 Main               - Closing Connection ...
2017-08-11 03:37:07,078 Main               - Connection is closed!
2017-08-11 03:37:07,078 Main               - Sleep in seconds...
2017-08-11 03:37:08,078 Main               - --------------------------------------------------
2017-08-11 03:37:08,078 Main               - Getting Connection ...
2017-08-11 03:37:08,080 Main               - Openning Connection ...
2017-08-11 03:37:08,082 Main               - Connection successful!
2017-08-11 03:37:08,084 Main               - Closing Connection ...
2017-08-11 03:37:08,086 Main               - Connection is closed!
2017-08-11 03:37:08,087 Main               - Sleep in seconds...
2017-08-11 03:37:09,089 Main               - --------------------------------------------------
2017-08-11 03:37:09,090 Main               - Getting Connection ...
2017-08-11 03:37:09,092 Main               - Openning Connection ...
2017-08-11 03:37:09,096 Main               - Connection successful!
2017-08-11 03:37:09,097 Main               - Closing Connection ...
2017-08-11 03:37:09,098 Main               - Connection is closed!
2017-08-11 03:37:09,099 Main               - Sleep in seconds...
2017-08-11 03:37:10,101 Main               - --------------------------------------------------
2017-08-11 03:37:14,461 Main               - Getting Connection ...
2017-08-11 03:37:14,463 Main               - Openning Connection ...
2017-08-11 03:37:14,466 Main               - Connection successful!
2017-08-11 03:37:14,467 Main               - Closing Connection ...
2017-08-11 03:37:14,468 Main               - Connection is closed!
2017-08-11 03:37:14,469 Main               - Sleep in seconds...
2017-08-11 03:37:15,470 Main               - --------------------------------------------------
2017-08-11 03:37:15,470 Main               - Getting Connection ...
2017-08-11 03:37:15,473 Main               - Openning Connection ...
2017-08-11 03:37:15,475 Main               - Connection successful!
2017-08-11 03:37:15,478 Main               - Closing Connection ...
2017-08-11 03:37:15,478 Main               - Connection is closed!
2017-08-11 03:37:15,480 Main               - Sleep in seconds...
2017-08-11 03:37:16,482 Main               - --------------------------------------------------
2017-08-11 03:37:16,482 Main               - Getting Connection ...
2017-08-11 03:37:16,485 Main               - Openning Connection ...
2017-08-11 03:37:16,488 Main               - Connection successful!
2017-08-11 03:37:16,490 Main               - Closing Connection ...
2017-08-11 03:37:16,491 Main               - Connection is closed!
2017-08-11 03:37:16,492 Main               - Sleep in seconds...
2017-08-11 03:37:17,494 Main               - --------------------------------------------------
2017-08-11 03:37:17,494 Main               - Getting Connection ...
2017-08-11 03:37:17,497 Main               - Openning Connection ...
2017-08-11 03:37:17,500 Main               - Connection successful!
2017-08-11 03:37:17,502 Main               - Closing Connection ...
2017-08-11 03:37:17,503 Main               - Connection is closed!
2017-08-11 03:37:17,504 Main               - Sleep in seconds...
2017-08-11 03:37:18,507 Main               - --------------------------------------------------
2017-08-11 03:37:18,507 Main               - Getting Connection ...
2017-08-11 03:37:18,510 Main               - Openning Connection ...
2017-08-11 03:37:18,512 Main               - Connection successful!
2017-08-11 03:37:18,514 Main               - Closing Connection ...
2017-08-11 03:37:18,515 Main               - Connection is closed!
2017-08-11 03:37:18,516 Main               - Sleep in seconds...
2017-08-11 03:37:19,518 Main               - --------------------------------------------------
2017-08-11 03:37:19,518 Main               - Getting Connection ...
2017-08-11 03:37:19,521 Main               - Openning Connection ...
2017-08-11 03:37:19,526 Main               - Connection successful!
2017-08-11 03:37:19,528 Main               - Closing Connection ...
2017-08-11 03:37:19,530 Main               - Connection is closed!
2017-08-11 03:37:19,531 Main               - Sleep in seconds...
2017-08-11 03:37:20,533 Main               - --------------------------------------------------
2017-08-11 03:37:20,533 Main               - Getting Connection ...
2017-08-11 03:37:20,534 Main               - Openning Connection ...
2017-08-11 03:37:20,536 Main               - Connection successful!
2017-08-11 03:37:20,537 Main               - Closing Connection ...
2017-08-11 03:37:20,538 Main               - Connection is closed!
2017-08-11 03:37:20,538 Main               - Sleep in seconds...
2017-08-11 03:37:21,538 Main               - --------------------------------------------------
2017-08-11 03:37:21,540 Main               - Getting Connection ...
2017-08-11 03:37:21,542 Main               - Openning Connection ...
2017-08-11 03:37:21,544 Main               - Connection successful!
2017-08-11 03:37:21,546 Main               - Closing Connection ...
2017-08-11 03:37:21,547 Main               - Connection is closed!
2017-08-11 03:37:21,548 Main               - Sleep in seconds...
2017-08-11 03:37:22,549 Main               - --------------------------------------------------
2017-08-11 03:37:22,549 Main               - Getting Connection ...
2017-08-11 03:37:22,552 Main               - Openning Connection ...
2017-08-11 03:37:22,555 Main               - Connection successful!
2017-08-11 03:37:22,557 Main               - Closing Connection ...
2017-08-11 03:37:22,557 Main               - Connection is closed!
2017-08-11 03:37:22,559 Main               - Sleep in seconds...
2017-08-11 03:37:23,560 Main               - --------------------------------------------------
2017-08-11 03:37:28,749 Main               - Getting Connection ...
2017-08-11 03:37:28,750 Main               - Openning Connection ...
2017-08-11 03:37:28,752 Main               - Connection successful!
2017-08-11 03:37:28,754 Main               - Closing Connection ...
2017-08-11 03:37:28,755 Main               - Connection is closed!
2017-08-11 03:37:28,756 Main               - Sleep in seconds...
2017-08-11 03:37:29,758 Main               - --------------------------------------------------
2017-08-11 03:37:29,758 Main               - Getting Connection ...
2017-08-11 03:37:29,761 Main               - Openning Connection ...
2017-08-11 03:37:29,763 Main               - Connection successful!
2017-08-11 03:37:29,765 Main               - Closing Connection ...
2017-08-11 03:37:29,766 Main               - Connection is closed!
2017-08-11 03:37:29,767 Main               - Sleep in seconds...
2017-08-11 03:37:30,769 Main               - --------------------------------------------------
2017-08-11 03:37:30,769 Main               - Getting Connection ...
2017-08-11 03:37:30,772 Main               - Openning Connection ...
2017-08-11 03:37:30,774 Main               - Connection successful!
2017-08-11 03:37:30,776 Main               - Closing Connection ...
2017-08-11 03:37:30,777 Main               - Connection is closed!
2017-08-11 03:37:30,778 Main               - Sleep in seconds...
2017-08-11 03:37:31,779 Main               - --------------------------------------------------
2017-08-11 03:37:31,779 Main               - Getting Connection ...
2017-08-11 03:37:31,782 Main               - Openning Connection ...
2017-08-11 03:37:31,784 Main               - Connection successful!
2017-08-11 03:37:31,786 Main               - Closing Connection ...
2017-08-11 03:37:31,791 Main               - Connection is closed!
2017-08-11 03:37:31,793 Main               - Sleep in seconds...
2017-08-11 03:37:32,795 Main               - --------------------------------------------------
2017-08-11 03:37:32,795 Main               - Getting Connection ...
2017-08-11 03:37:32,798 Main               - Openning Connection ...
2017-08-11 03:37:32,801 Main               - Connection successful!
2017-08-11 03:37:32,804 Main               - Closing Connection ...
2017-08-11 03:37:32,806 Main               - Connection is closed!
2017-08-11 03:37:32,807 Main               - Sleep in seconds...
2017-08-11 03:37:33,808 Main               - --------------------------------------------------
2017-08-11 03:37:33,809 Main               - Getting Connection ...
2017-08-11 03:37:33,811 Main               - Openning Connection ...
2017-08-11 03:37:33,813 Main               - Connection successful!
2017-08-11 03:37:33,815 Main               - Closing Connection ...
2017-08-11 03:37:33,816 Main               - Connection is closed!
2017-08-11 03:37:33,817 Main               - Sleep in seconds...
2017-08-11 03:37:34,818 Main               - --------------------------------------------------
2017-08-11 03:37:34,818 Main               - Getting Connection ...
2017-08-11 03:37:34,821 Main               - Openning Connection ...
2017-08-11 03:37:34,823 Main               - Connection successful!
2017-08-11 03:37:34,825 Main               - Closing Connection ...
2017-08-11 03:37:34,826 Main               - Connection is closed!
2017-08-11 03:37:34,827 Main               - Sleep in seconds...
2017-08-11 03:37:35,831 Main               - --------------------------------------------------
2017-08-11 03:37:35,831 Main               - Getting Connection ...
2017-08-11 03:37:35,832 Main               - Openning Connection ...
2017-08-11 03:37:35,834 Main               - Connection successful!
2017-08-11 03:37:35,835 Main               - Closing Connection ...
2017-08-11 03:37:35,835 Main               - Connection is closed!
2017-08-11 03:37:35,836 Main               - Sleep in seconds...
2017-08-11 03:37:36,837 Main               - --------------------------------------------------
2017-08-11 03:37:36,837 Main               - Getting Connection ...
2017-08-11 03:37:36,840 Main               - Openning Connection ...
2017-08-11 03:37:36,842 Main               - Connection successful!
2017-08-11 03:37:36,844 Main               - Closing Connection ...
2017-08-11 03:37:36,845 Main               - Connection is closed!
2017-08-11 03:37:36,846 Main               - Sleep in seconds...
2017-08-11 03:37:37,846 Main               - --------------------------------------------------
2017-08-11 03:37:37,846 Main               - Getting Connection ...
2017-08-11 03:37:37,848 Main               - Openning Connection ...
2017-08-11 03:37:37,850 Main               - Connection successful!
2017-08-11 03:37:37,852 Main               - Closing Connection ...
2017-08-11 03:37:37,853 Main               - Connection is closed!
2017-08-11 03:37:37,854 Main               - Sleep in seconds...
2017-08-11 03:37:38,854 Main               - --------------------------------------------------
2017-08-11 03:37:38,854 Main               - Getting Connection ...
2017-08-11 03:37:38,856 Main               - Openning Connection ...
2017-08-11 03:37:38,858 Main               - Connection successful!
2017-08-11 03:37:38,860 Main               - Closing Connection ...
2017-08-11 03:37:38,861 Main               - Connection is closed!
2017-08-11 03:37:38,862 Main               - Sleep in seconds...
2017-08-11 03:37:39,862 Main               - --------------------------------------------------
2017-08-11 03:37:39,862 Main               - Getting Connection ...
2017-08-11 03:37:39,864 Main               - Openning Connection ...
2017-08-11 03:37:39,866 Main               - Connection successful!
2017-08-11 03:37:39,868 Main               - Closing Connection ...
2017-08-11 03:37:39,869 Main               - Connection is closed!
2017-08-11 03:37:39,870 Main               - Sleep in seconds...
2017-08-11 03:37:40,870 Main               - --------------------------------------------------
2017-08-11 03:37:40,870 Main               - Getting Connection ...
2017-08-11 03:37:40,872 Main               - Openning Connection ...
2017-08-11 03:37:40,874 Main               - Connection successful!
2017-08-11 03:37:40,876 Main               - Closing Connection ...
2017-08-11 03:37:40,877 Main               - Connection is closed!
2017-08-11 03:37:40,878 Main               - Sleep in seconds...
2017-08-11 03:37:41,878 Main               - --------------------------------------------------
2017-08-11 03:37:41,878 Main               - Getting Connection ...
2017-08-11 03:37:41,880 Main               - Openning Connection ...
2017-08-11 03:37:41,882 Main               - Connection successful!
2017-08-11 03:37:41,884 Main               - Closing Connection ...
2017-08-11 03:37:41,885 Main               - Connection is closed!
2017-08-11 03:37:41,886 Main               - Sleep in seconds...
2017-08-11 03:37:42,886 Main               - --------------------------------------------------
2017-08-11 03:37:42,886 Main               - Getting Connection ...
2017-08-11 03:37:42,888 Main               - Openning Connection ...
2017-08-11 03:37:42,890 Main               - Connection successful!
2017-08-11 03:37:42,892 Main               - Closing Connection ...
2017-08-11 03:37:42,893 Main               - Connection is closed!
2017-08-11 03:37:42,894 Main               - Sleep in seconds...
