2017-08-11 03:00:19,803 Main               - hasdgfhsdfghsdf 
2017-08-11 03:00:20,095 Main               - hasdgfhsdfghsdf 
2017-08-11 03:00:20,095 Main               - hasdgfhsdfghsdf 
2017-08-11 03:00:20,095 Main               - hasdgfhsdfghsdf 
2017-08-11 03:00:20,095 Main               - hasdgfhsdfghsdf 
2017-08-11 03:00:20,095 Main               - hasdgfhsdfghsdf 
2017-08-11 03:00:20,095 Main               - hasdgfhsdfghsdf 
2017-08-11 03:00:20,095 Main               - hasdgfhsdfghsdf 
2017-08-11 03:02:59,014 Main               - hasdgfhsdfghsdf 
2017-08-11 03:02:59,032 Main               - hasdgfhsdfghsdf 
2017-08-11 03:02:59,032 Main               - hasdgfhsdfghsdf 
2017-08-11 03:02:59,033 Main               - hasdgfhsdfghsdf 
2017-08-11 03:02:59,033 Main               - hasdgfhsdfghsdf 
2017-08-11 03:02:59,034 Main               - hasdgfhsdfghsdf 
2017-08-11 03:02:59,034 Main               - hasdgfhsdfghsdf 
2017-08-11 03:02:59,034 Main               - hasdgfhsdfghsdf 
2017-08-11 03:05:23,751 Main               - Getting Connection ...
2017-08-11 03:05:23,810 Main               - Openning Connection ...
2017-08-11 03:05:23,911 Main               - Connection successful!
2017-08-11 03:05:23,914 Main               - ---------------------
2017-08-11 03:05:23,914 Main               - guiphieucanId 17
2017-08-11 03:05:23,915 Main               - logcanxeId 25469
2017-08-11 03:05:23,919 prepareData        - Openning Connection 2...
2017-08-11 03:05:23,933 prepareData        - Connection 2 successful!
2017-08-11 03:05:23,951 prepareData        - Error: Data is Null. This method or property cannot be called on Null values.
2017-08-11 03:05:23,951 prepareData        - Closing Connection 2...
2017-08-11 03:05:23,954 prepareData        - Connection 2 is closed!
2017-08-11 03:05:23,965 Main               - Error: There is already an open DataReader associated with this Connection which must be closed first.
2017-08-11 03:05:23,965 Main               - Closing Connection ...
2017-08-11 03:05:23,966 Main               - Connection is closed!
2017-08-11 03:05:23,966 Main               - Sleep in seconds...
2017-08-11 03:05:24,967 Main               - Getting Connection ...
2017-08-11 03:05:24,968 Main               - Openning Connection ...
2017-08-11 03:05:24,971 Main               - Connection successful!
2017-08-11 03:05:24,973 Main               - ---------------------
2017-08-11 03:05:24,974 Main               - guiphieucanId 17
2017-08-11 03:05:24,975 Main               - logcanxeId 25469
2017-08-11 03:05:24,977 prepareData        - Openning Connection 2...
2017-08-11 03:05:24,979 prepareData        - Connection 2 successful!
2017-08-11 03:05:24,993 prepareData        - Error: Data is Null. This method or property cannot be called on Null values.
2017-08-11 03:05:24,993 prepareData        - Closing Connection 2...
2017-08-11 03:05:24,994 prepareData        - Connection 2 is closed!
2017-08-11 03:05:25,003 Main               - Error: There is already an open DataReader associated with this Connection which must be closed first.
2017-08-11 03:05:25,004 Main               - Closing Connection ...
2017-08-11 03:05:25,004 Main               - Connection is closed!
2017-08-11 03:05:25,005 Main               - Sleep in seconds...
2017-08-11 03:05:26,005 Main               - Getting Connection ...
2017-08-11 03:05:26,005 Main               - Openning Connection ...
2017-08-11 03:05:26,008 Main               - Connection successful!
2017-08-11 03:05:26,008 Main               - ---------------------
2017-08-11 03:05:26,009 Main               - guiphieucanId 17
2017-08-11 03:05:26,009 Main               - logcanxeId 25469
2017-08-11 03:05:26,009 prepareData        - Openning Connection 2...
2017-08-11 03:05:26,011 prepareData        - Connection 2 successful!
2017-08-11 03:05:26,017 prepareData        - Error: Data is Null. This method or property cannot be called on Null values.
2017-08-11 03:05:26,017 prepareData        - Closing Connection 2...
2017-08-11 03:05:26,017 prepareData        - Connection 2 is closed!
2017-08-11 03:05:26,023 Main               - Error: There is already an open DataReader associated with this Connection which must be closed first.
2017-08-11 03:05:26,023 Main               - Closing Connection ...
2017-08-11 03:05:26,023 Main               - Connection is closed!
2017-08-11 03:05:26,024 Main               - Sleep in seconds...
2017-08-11 03:05:27,024 Main               - Getting Connection ...
2017-08-11 03:05:27,027 Main               - Openning Connection ...
2017-08-11 03:05:27,030 Main               - Connection successful!
2017-08-11 03:05:27,033 Main               - ---------------------
2017-08-11 03:05:27,033 Main               - guiphieucanId 17
2017-08-11 03:05:27,034 Main               - logcanxeId 25469
2017-08-11 03:05:27,036 prepareData        - Openning Connection 2...
2017-08-11 03:05:27,039 prepareData        - Connection 2 successful!
2017-08-11 03:05:27,056 prepareData        - Error: Data is Null. This method or property cannot be called on Null values.
2017-08-11 03:05:27,058 prepareData        - Closing Connection 2...
2017-08-11 03:05:27,060 prepareData        - Connection 2 is closed!
2017-08-11 03:05:27,071 Main               - Error: There is already an open DataReader associated with this Connection which must be closed first.
2017-08-11 03:05:27,071 Main               - Closing Connection ...
2017-08-11 03:05:27,072 Main               - Connection is closed!
2017-08-11 03:05:27,072 Main               - Sleep in seconds...
2017-08-11 03:05:28,073 Main               - Getting Connection ...
2017-08-11 03:05:28,076 Main               - Openning Connection ...
2017-08-11 03:05:28,080 Main               - Connection successful!
2017-08-11 03:05:28,082 Main               - ---------------------
2017-08-11 03:05:28,083 Main               - guiphieucanId 17
2017-08-11 03:05:28,083 Main               - logcanxeId 25469
2017-08-11 03:05:28,085 prepareData        - Openning Connection 2...
2017-08-11 03:05:28,088 prepareData        - Connection 2 successful!
2017-08-11 03:05:28,103 prepareData        - Error: Data is Null. This method or property cannot be called on Null values.
2017-08-11 03:05:28,104 prepareData        - Closing Connection 2...
2017-08-11 03:05:28,105 prepareData        - Connection 2 is closed!
2017-08-11 03:05:28,117 Main               - Error: There is already an open DataReader associated with this Connection which must be closed first.
2017-08-11 03:05:28,117 Main               - Closing Connection ...
2017-08-11 03:05:28,118 Main               - Connection is closed!
2017-08-11 03:05:28,118 Main               - Sleep in seconds...
2017-08-11 03:05:29,119 Main               - Getting Connection ...
2017-08-11 03:05:29,119 Main               - Openning Connection ...
2017-08-11 03:05:29,121 Main               - Connection successful!
2017-08-11 03:05:29,123 Main               - ---------------------
2017-08-11 03:05:29,123 Main               - guiphieucanId 17
2017-08-11 03:05:29,123 Main               - logcanxeId 25469
2017-08-11 03:05:29,123 prepareData        - Openning Connection 2...
2017-08-11 03:05:29,125 prepareData        - Connection 2 successful!
2017-08-11 03:05:29,131 prepareData        - Error: Data is Null. This method or property cannot be called on Null values.
2017-08-11 03:05:29,132 prepareData        - Closing Connection 2...
2017-08-11 03:05:29,132 prepareData        - Connection 2 is closed!
2017-08-11 03:05:29,136 Main               - Error: There is already an open DataReader associated with this Connection which must be closed first.
2017-08-11 03:05:29,136 Main               - Closing Connection ...
2017-08-11 03:05:29,136 Main               - Connection is closed!
2017-08-11 03:05:29,136 Main               - Sleep in seconds...
2017-08-11 03:05:30,137 Main               - Getting Connection ...
2017-08-11 03:05:30,138 Main               - Openning Connection ...
2017-08-11 03:05:30,140 Main               - Connection successful!
2017-08-11 03:05:30,143 Main               - ---------------------
2017-08-11 03:05:30,143 Main               - guiphieucanId 17
2017-08-11 03:05:30,145 Main               - logcanxeId 25469
2017-08-11 03:05:30,147 prepareData        - Openning Connection 2...
2017-08-11 03:05:30,150 prepareData        - Connection 2 successful!
2017-08-11 03:05:30,163 prepareData        - Error: Data is Null. This method or property cannot be called on Null values.
2017-08-11 03:05:30,163 prepareData        - Closing Connection 2...
2017-08-11 03:05:30,164 prepareData        - Connection 2 is closed!
2017-08-11 03:05:30,179 Main               - Error: There is already an open DataReader associated with this Connection which must be closed first.
2017-08-11 03:05:30,180 Main               - Closing Connection ...
2017-08-11 03:05:30,181 Main               - Connection is closed!
2017-08-11 03:05:30,183 Main               - Sleep in seconds...
2017-08-11 03:05:31,184 Main               - Getting Connection ...
2017-08-11 03:05:31,185 Main               - Openning Connection ...
2017-08-11 03:05:31,190 Main               - Connection successful!
2017-08-11 03:05:31,193 Main               - ---------------------
2017-08-11 03:05:31,195 Main               - guiphieucanId 17
2017-08-11 03:05:31,196 Main               - logcanxeId 25469
2017-08-11 03:05:31,200 prepareData        - Openning Connection 2...
2017-08-11 03:05:31,204 prepareData        - Connection 2 successful!
2017-08-11 03:05:31,229 prepareData        - Error: Data is Null. This method or property cannot be called on Null values.
2017-08-11 03:05:31,230 prepareData        - Closing Connection 2...
2017-08-11 03:05:31,232 prepareData        - Connection 2 is closed!
2017-08-11 03:05:31,243 Main               - Error: There is already an open DataReader associated with this Connection which must be closed first.
2017-08-11 03:05:31,243 Main               - Closing Connection ...
2017-08-11 03:05:31,244 Main               - Connection is closed!
2017-08-11 03:05:31,246 Main               - Sleep in seconds...
2017-08-11 03:05:32,249 Main               - Getting Connection ...
2017-08-11 03:05:32,250 Main               - Openning Connection ...
2017-08-11 03:05:32,254 Main               - Connection successful!
2017-08-11 03:05:32,255 Main               - ---------------------
2017-08-11 03:05:32,258 Main               - guiphieucanId 17
2017-08-11 03:05:32,260 Main               - logcanxeId 25469
2017-08-11 03:05:32,263 prepareData        - Openning Connection 2...
2017-08-11 03:05:32,266 prepareData        - Connection 2 successful!
2017-08-11 03:05:32,288 prepareData        - Error: Data is Null. This method or property cannot be called on Null values.
2017-08-11 03:05:32,290 prepareData        - Closing Connection 2...
2017-08-11 03:05:32,291 prepareData        - Connection 2 is closed!
2017-08-11 03:05:32,303 Main               - Error: There is already an open DataReader associated with this Connection which must be closed first.
2017-08-11 03:05:32,304 Main               - Closing Connection ...
2017-08-11 03:05:32,305 Main               - Connection is closed!
2017-08-11 03:05:32,307 Main               - Sleep in seconds...
2017-08-11 03:05:33,309 Main               - Getting Connection ...
2017-08-11 03:05:33,311 Main               - Openning Connection ...
2017-08-11 03:05:33,316 Main               - Connection successful!
2017-08-11 03:05:33,318 Main               - ---------------------
2017-08-11 03:05:33,319 Main               - guiphieucanId 17
2017-08-11 03:05:33,321 Main               - logcanxeId 25469
2017-08-11 03:05:33,324 prepareData        - Openning Connection 2...
2017-08-11 03:05:33,328 prepareData        - Connection 2 successful!
2017-08-11 03:05:33,343 prepareData        - Error: Data is Null. This method or property cannot be called on Null values.
2017-08-11 03:05:33,345 prepareData        - Closing Connection 2...
2017-08-11 03:05:33,345 prepareData        - Connection 2 is closed!
2017-08-11 03:05:33,359 Main               - Error: There is already an open DataReader associated with this Connection which must be closed first.
2017-08-11 03:05:33,361 Main               - Closing Connection ...
2017-08-11 03:05:33,362 Main               - Connection is closed!
2017-08-11 03:05:33,363 Main               - Sleep in seconds...
2017-08-11 03:05:34,364 Main               - Getting Connection ...
2017-08-11 03:05:34,366 Main               - Openning Connection ...
2017-08-11 03:05:34,369 Main               - Connection successful!
2017-08-11 03:05:34,371 Main               - ---------------------
2017-08-11 03:05:34,371 Main               - guiphieucanId 17
2017-08-11 03:05:34,373 Main               - logcanxeId 25469
2017-08-11 03:05:34,378 prepareData        - Openning Connection 2...
2017-08-11 03:05:34,382 prepareData        - Connection 2 successful!
2017-08-11 03:05:34,398 prepareData        - Error: Data is Null. This method or property cannot be called on Null values.
2017-08-11 03:05:34,399 prepareData        - Closing Connection 2...
2017-08-11 03:05:34,400 prepareData        - Connection 2 is closed!
2017-08-11 03:05:34,414 Main               - Error: There is already an open DataReader associated with this Connection which must be closed first.
2017-08-11 03:05:34,414 Main               - Closing Connection ...
2017-08-11 03:05:34,415 Main               - Connection is closed!
2017-08-11 03:05:34,417 Main               - Sleep in seconds...
2017-08-11 03:05:35,418 Main               - Getting Connection ...
2017-08-11 03:05:35,419 Main               - Openning Connection ...
2017-08-11 03:05:35,422 Main               - Connection successful!
2017-08-11 03:05:35,425 Main               - ---------------------
2017-08-11 03:05:35,425 Main               - guiphieucanId 17
2017-08-11 03:05:35,427 Main               - logcanxeId 25469
2017-08-11 03:05:35,431 prepareData        - Openning Connection 2...
2017-08-11 03:05:35,434 prepareData        - Connection 2 successful!
2017-08-11 03:05:35,456 prepareData        - Error: Data is Null. This method or property cannot be called on Null values.
2017-08-11 03:05:35,457 prepareData        - Closing Connection 2...
2017-08-11 03:05:35,458 prepareData        - Connection 2 is closed!
2017-08-11 03:05:35,472 Main               - Error: There is already an open DataReader associated with this Connection which must be closed first.
2017-08-11 03:05:35,473 Main               - Closing Connection ...
2017-08-11 03:05:35,473 Main               - Connection is closed!
2017-08-11 03:05:35,475 Main               - Sleep in seconds...
2017-08-11 03:05:36,478 Main               - Getting Connection ...
2017-08-11 03:05:36,480 Main               - Openning Connection ...
2017-08-11 03:05:36,482 Main               - Connection successful!
2017-08-11 03:05:36,484 Main               - ---------------------
2017-08-11 03:05:36,484 Main               - guiphieucanId 17
2017-08-11 03:05:36,486 Main               - logcanxeId 25469
2017-08-11 03:05:36,489 prepareData        - Openning Connection 2...
2017-08-11 03:05:36,491 prepareData        - Connection 2 successful!
2017-08-11 03:05:36,507 prepareData        - Error: Data is Null. This method or property cannot be called on Null values.
2017-08-11 03:05:36,507 prepareData        - Closing Connection 2...
2017-08-11 03:05:36,509 prepareData        - Connection 2 is closed!
2017-08-11 03:05:36,520 Main               - Error: There is already an open DataReader associated with this Connection which must be closed first.
2017-08-11 03:05:36,521 Main               - Closing Connection ...
2017-08-11 03:05:36,522 Main               - Connection is closed!
2017-08-11 03:05:36,523 Main               - Sleep in seconds...
2017-08-11 03:05:37,525 Main               - Getting Connection ...
2017-08-11 03:05:37,526 Main               - Openning Connection ...
2017-08-11 03:05:37,529 Main               - Connection successful!
2017-08-11 03:05:37,531 Main               - ---------------------
2017-08-11 03:05:37,531 Main               - guiphieucanId 17
2017-08-11 03:05:37,532 Main               - logcanxeId 25469
2017-08-11 03:05:37,533 prepareData        - Openning Connection 2...
2017-08-11 03:05:37,536 prepareData        - Connection 2 successful!
2017-08-11 03:05:37,558 prepareData        - Error: Data is Null. This method or property cannot be called on Null values.
2017-08-11 03:05:37,559 prepareData        - Closing Connection 2...
2017-08-11 03:05:37,559 prepareData        - Connection 2 is closed!
2017-08-11 03:05:37,571 Main               - Error: There is already an open DataReader associated with this Connection which must be closed first.
2017-08-11 03:05:37,571 Main               - Closing Connection ...
2017-08-11 03:05:37,572 Main               - Connection is closed!
2017-08-11 03:05:37,572 Main               - Sleep in seconds...
2017-08-11 03:05:38,572 Main               - Getting Connection ...
2017-08-11 03:05:39,389 Main               - Openning Connection ...
2017-08-11 03:05:39,396 Main               - Connection successful!
2017-08-11 03:05:39,398 Main               - ---------------------
2017-08-11 03:05:39,398 Main               - guiphieucanId 17
2017-08-11 03:05:39,398 Main               - logcanxeId 25469
2017-08-11 03:05:39,399 prepareData        - Openning Connection 2...
2017-08-11 03:05:39,401 prepareData        - Connection 2 successful!
2017-08-11 03:05:39,420 prepareData        - Error: Data is Null. This method or property cannot be called on Null values.
2017-08-11 03:05:39,421 prepareData        - Closing Connection 2...
2017-08-11 03:05:39,422 prepareData        - Connection 2 is closed!
2017-08-11 03:05:39,430 Main               - Error: There is already an open DataReader associated with this Connection which must be closed first.
2017-08-11 03:05:39,430 Main               - Closing Connection ...
2017-08-11 03:05:39,430 Main               - Connection is closed!
2017-08-11 03:05:39,430 Main               - Sleep in seconds...
2017-08-11 03:05:40,430 Main               - Getting Connection ...
2017-08-11 03:05:40,431 Main               - Openning Connection ...
2017-08-11 03:05:40,434 Main               - Connection successful!
2017-08-11 03:05:40,436 Main               - ---------------------
2017-08-11 03:05:40,436 Main               - guiphieucanId 17
2017-08-11 03:05:40,437 Main               - logcanxeId 25469
2017-08-11 03:05:40,438 prepareData        - Openning Connection 2...
2017-08-11 03:05:40,441 prepareData        - Connection 2 successful!
2017-08-11 03:05:40,452 prepareData        - Error: Data is Null. This method or property cannot be called on Null values.
2017-08-11 03:05:40,453 prepareData        - Closing Connection 2...
2017-08-11 03:05:40,453 prepareData        - Connection 2 is closed!
2017-08-11 03:05:40,465 Main               - Error: There is already an open DataReader associated with this Connection which must be closed first.
2017-08-11 03:05:40,465 Main               - Closing Connection ...
2017-08-11 03:05:40,466 Main               - Connection is closed!
2017-08-11 03:05:40,466 Main               - Sleep in seconds...
2017-08-11 03:05:41,466 Main               - Getting Connection ...
2017-08-11 03:05:41,467 Main               - Openning Connection ...
2017-08-11 03:05:41,469 Main               - Connection successful!
2017-08-11 03:05:41,471 Main               - ---------------------
2017-08-11 03:05:41,471 Main               - guiphieucanId 17
2017-08-11 03:05:41,472 Main               - logcanxeId 25469
2017-08-11 03:05:41,473 prepareData        - Openning Connection 2...
2017-08-11 03:05:41,475 prepareData        - Connection 2 successful!
2017-08-11 03:05:41,493 prepareData        - Error: Data is Null. This method or property cannot be called on Null values.
2017-08-11 03:05:41,494 prepareData        - Closing Connection 2...
2017-08-11 03:05:41,495 prepareData        - Connection 2 is closed!
2017-08-11 03:05:41,509 Main               - Error: There is already an open DataReader associated with this Connection which must be closed first.
2017-08-11 03:05:41,509 Main               - Closing Connection ...
2017-08-11 03:05:41,510 Main               - Connection is closed!
2017-08-11 03:05:41,510 Main               - Sleep in seconds...
2017-08-11 03:05:42,510 Main               - Getting Connection ...
2017-08-11 03:05:42,511 Main               - Openning Connection ...
2017-08-11 03:05:42,514 Main               - Connection successful!
2017-08-11 03:05:42,518 Main               - ---------------------
2017-08-11 03:05:42,519 Main               - guiphieucanId 17
2017-08-11 03:05:42,519 Main               - logcanxeId 25469
2017-08-11 03:05:42,520 prepareData        - Openning Connection 2...
2017-08-11 03:05:42,523 prepareData        - Connection 2 successful!
2017-08-11 03:05:42,545 prepareData        - Error: Data is Null. This method or property cannot be called on Null values.
2017-08-11 03:05:42,545 prepareData        - Closing Connection 2...
2017-08-11 03:05:42,545 prepareData        - Connection 2 is closed!
2017-08-11 03:05:42,555 Main               - Error: There is already an open DataReader associated with this Connection which must be closed first.
2017-08-11 03:05:42,556 Main               - Closing Connection ...
2017-08-11 03:05:42,556 Main               - Connection is closed!
2017-08-11 03:05:42,556 Main               - Sleep in seconds...
2017-08-11 03:05:43,556 Main               - Getting Connection ...
2017-08-11 03:05:43,556 Main               - Openning Connection ...
2017-08-11 03:05:43,559 Main               - Connection successful!
2017-08-11 03:05:43,560 Main               - ---------------------
2017-08-11 03:05:43,560 Main               - guiphieucanId 17
2017-08-11 03:05:43,560 Main               - logcanxeId 25469
2017-08-11 03:05:43,560 prepareData        - Openning Connection 2...
2017-08-11 03:05:43,562 prepareData        - Connection 2 successful!
2017-08-11 03:05:43,569 prepareData        - Error: Data is Null. This method or property cannot be called on Null values.
2017-08-11 03:05:43,569 prepareData        - Closing Connection 2...
2017-08-11 03:05:43,569 prepareData        - Connection 2 is closed!
2017-08-11 03:05:43,576 Main               - Error: There is already an open DataReader associated with this Connection which must be closed first.
2017-08-11 03:05:43,576 Main               - Closing Connection ...
2017-08-11 03:05:43,576 Main               - Connection is closed!
2017-08-11 03:05:43,576 Main               - Sleep in seconds...
2017-08-11 03:05:44,576 Main               - Getting Connection ...
2017-08-11 03:05:44,577 Main               - Openning Connection ...
2017-08-11 03:05:44,580 Main               - Connection successful!
2017-08-11 03:05:44,581 Main               - ---------------------
2017-08-11 03:05:44,582 Main               - guiphieucanId 17
2017-08-11 03:05:44,582 Main               - logcanxeId 25469
2017-08-11 03:05:44,583 prepareData        - Openning Connection 2...
2017-08-11 03:05:44,586 prepareData        - Connection 2 successful!
2017-08-11 03:05:44,605 prepareData        - Error: Data is Null. This method or property cannot be called on Null values.
2017-08-11 03:05:44,606 prepareData        - Closing Connection 2...
2017-08-11 03:05:44,606 prepareData        - Connection 2 is closed!
2017-08-11 03:05:44,616 Main               - Error: There is already an open DataReader associated with this Connection which must be closed first.
2017-08-11 03:05:44,617 Main               - Closing Connection ...
2017-08-11 03:05:44,617 Main               - Connection is closed!
2017-08-11 03:05:44,617 Main               - Sleep in seconds...
2017-08-11 03:05:45,617 Main               - Getting Connection ...
2017-08-11 03:05:45,618 Main               - Openning Connection ...
2017-08-11 03:05:45,621 Main               - Connection successful!
2017-08-11 03:05:45,622 Main               - ---------------------
2017-08-11 03:05:45,622 Main               - guiphieucanId 17
2017-08-11 03:05:45,623 Main               - logcanxeId 25469
2017-08-11 03:05:45,624 prepareData        - Openning Connection 2...
2017-08-11 03:05:45,627 prepareData        - Connection 2 successful!
2017-08-11 03:05:45,643 prepareData        - Error: Data is Null. This method or property cannot be called on Null values.
2017-08-11 03:05:45,643 prepareData        - Closing Connection 2...
2017-08-11 03:05:45,644 prepareData        - Connection 2 is closed!
2017-08-11 03:05:45,657 Main               - Error: There is already an open DataReader associated with this Connection which must be closed first.
2017-08-11 03:05:45,658 Main               - Closing Connection ...
2017-08-11 03:05:45,659 Main               - Connection is closed!
2017-08-11 03:05:45,659 Main               - Sleep in seconds...
2017-08-11 03:05:46,659 Main               - Getting Connection ...
2017-08-11 03:05:46,660 Main               - Openning Connection ...
2017-08-11 03:05:46,664 Main               - Connection successful!
2017-08-11 03:05:46,666 Main               - ---------------------
2017-08-11 03:05:46,666 Main               - guiphieucanId 17
2017-08-11 03:05:46,667 Main               - logcanxeId 25469
2017-08-11 03:05:46,668 prepareData        - Openning Connection 2...
2017-08-11 03:05:46,671 prepareData        - Connection 2 successful!
2017-08-11 03:05:46,691 prepareData        - Error: Data is Null. This method or property cannot be called on Null values.
2017-08-11 03:05:46,692 prepareData        - Closing Connection 2...
2017-08-11 03:05:46,694 prepareData        - Connection 2 is closed!
2017-08-11 03:05:46,719 Main               - Error: There is already an open DataReader associated with this Connection which must be closed first.
2017-08-11 03:05:46,720 Main               - Closing Connection ...
2017-08-11 03:05:46,720 Main               - Connection is closed!
2017-08-11 03:05:46,720 Main               - Sleep in seconds...
2017-08-11 03:05:47,721 Main               - Getting Connection ...
2017-08-11 03:05:47,722 Main               - Openning Connection ...
2017-08-11 03:05:47,725 Main               - Connection successful!
2017-08-11 03:05:47,727 Main               - ---------------------
2017-08-11 03:05:47,728 Main               - guiphieucanId 17
2017-08-11 03:05:47,728 Main               - logcanxeId 25469
2017-08-11 03:05:47,729 prepareData        - Openning Connection 2...
2017-08-11 03:05:47,732 prepareData        - Connection 2 successful!
2017-08-11 03:05:47,751 prepareData        - Error: Data is Null. This method or property cannot be called on Null values.
2017-08-11 03:05:47,752 prepareData        - Closing Connection 2...
2017-08-11 03:05:47,754 prepareData        - Connection 2 is closed!
2017-08-11 03:05:47,768 Main               - Error: There is already an open DataReader associated with this Connection which must be closed first.
2017-08-11 03:05:47,769 Main               - Closing Connection ...
2017-08-11 03:05:47,769 Main               - Connection is closed!
2017-08-11 03:05:47,770 Main               - Sleep in seconds...
2017-08-11 03:05:48,770 Main               - Getting Connection ...
2017-08-11 03:05:48,771 Main               - Openning Connection ...
2017-08-11 03:05:48,773 Main               - Connection successful!
2017-08-11 03:05:48,775 Main               - ---------------------
2017-08-11 03:05:48,776 Main               - guiphieucanId 17
2017-08-11 03:05:48,776 Main               - logcanxeId 25469
2017-08-11 03:05:48,778 prepareData        - Openning Connection 2...
2017-08-11 03:05:48,780 prepareData        - Connection 2 successful!
2017-08-11 03:05:48,803 prepareData        - Error: Data is Null. This method or property cannot be called on Null values.
2017-08-11 03:05:48,804 prepareData        - Closing Connection 2...
2017-08-11 03:05:48,804 prepareData        - Connection 2 is closed!
2017-08-11 03:05:48,818 Main               - Error: There is already an open DataReader associated with this Connection which must be closed first.
2017-08-11 03:05:48,819 Main               - Closing Connection ...
2017-08-11 03:05:48,819 Main               - Connection is closed!
2017-08-11 03:05:48,819 Main               - Sleep in seconds...
2017-08-11 03:05:49,820 Main               - Getting Connection ...
2017-08-11 03:05:49,820 Main               - Openning Connection ...
2017-08-11 03:05:49,822 Main               - Connection successful!
2017-08-11 03:05:49,823 Main               - ---------------------
2017-08-11 03:05:49,824 Main               - guiphieucanId 17
2017-08-11 03:05:49,824 Main               - logcanxeId 25469
2017-08-11 03:05:49,824 prepareData        - Openning Connection 2...
2017-08-11 03:05:49,826 prepareData        - Connection 2 successful!
2017-08-11 03:05:49,834 prepareData        - Error: Data is Null. This method or property cannot be called on Null values.
2017-08-11 03:05:49,835 prepareData        - Closing Connection 2...
2017-08-11 03:05:49,835 prepareData        - Connection 2 is closed!
2017-08-11 03:05:49,856 Main               - Error: There is already an open DataReader associated with this Connection which must be closed first.
2017-08-11 03:05:49,856 Main               - Closing Connection ...
2017-08-11 03:05:49,856 Main               - Connection is closed!
2017-08-11 03:05:49,856 Main               - Sleep in seconds...
2017-08-11 03:09:38,120 Main               - Getting Connection ...
2017-08-11 03:09:38,194 Main               - Openning Connection ...
2017-08-11 03:09:38,316 Main               - Connection successful!
2017-08-11 03:09:38,320 Main               - ---------------------
2017-08-11 03:09:38,320 Main               - guiphieucanId 17
2017-08-11 03:09:38,320 Main               - logcanxeId 25469
2017-08-11 03:09:38,325 prepareData        - Openning Connection 2...
2017-08-11 03:09:38,340 prepareData        - Connection 2 successful!
2017-08-11 03:09:38,359 prepareData        - Error: Data is Null. This method or property cannot be called on Null values.
2017-08-11 03:09:38,360 prepareData        - Closing Connection 2...
2017-08-11 03:09:38,363 prepareData        - Connection 2 is closed!
2017-08-11 03:09:38,372 Main               - Error: Invalid attempt to Read when reader is closed.
2017-08-11 03:09:38,372 Main               - Closing Connection ...
2017-08-11 03:09:38,372 Main               - Connection is closed!
2017-08-11 03:09:38,373 Main               - Sleep in seconds...
2017-08-11 03:09:39,373 Main               - Getting Connection ...
2017-08-11 03:09:39,374 Main               - Openning Connection ...
2017-08-11 03:09:39,377 Main               - Connection successful!
2017-08-11 03:09:39,379 Main               - Closing Connection ...
2017-08-11 03:09:39,380 Main               - Connection is closed!
2017-08-11 03:09:39,381 Main               - Sleep in seconds...
2017-08-11 03:09:40,382 Main               - Getting Connection ...
2017-08-11 03:09:40,384 Main               - Openning Connection ...
2017-08-11 03:09:40,391 Main               - Connection successful!
2017-08-11 03:09:40,393 Main               - Closing Connection ...
2017-08-11 03:09:40,394 Main               - Connection is closed!
2017-08-11 03:09:40,395 Main               - Sleep in seconds...
2017-08-11 03:09:41,396 Main               - Getting Connection ...
2017-08-11 03:09:41,397 Main               - Openning Connection ...
2017-08-11 03:09:41,404 Main               - Connection successful!
2017-08-11 03:09:41,406 Main               - Closing Connection ...
2017-08-11 03:09:41,406 Main               - Connection is closed!
2017-08-11 03:09:41,407 Main               - Sleep in seconds...
2017-08-11 03:09:42,410 Main               - Getting Connection ...
2017-08-11 03:09:42,411 Main               - Openning Connection ...
2017-08-11 03:09:42,414 Main               - Connection successful!
2017-08-11 03:09:42,416 Main               - Closing Connection ...
2017-08-11 03:09:42,416 Main               - Connection is closed!
2017-08-11 03:09:42,417 Main               - Sleep in seconds...
2017-08-11 03:09:43,418 Main               - Getting Connection ...
2017-08-11 03:09:43,420 Main               - Openning Connection ...
2017-08-11 03:09:43,423 Main               - Connection successful!
2017-08-11 03:09:43,427 Main               - Closing Connection ...
2017-08-11 03:09:43,428 Main               - Connection is closed!
2017-08-11 03:09:43,428 Main               - Sleep in seconds...
2017-08-11 03:09:44,431 Main               - Getting Connection ...
2017-08-11 03:09:44,432 Main               - Openning Connection ...
2017-08-11 03:09:44,435 Main               - Connection successful!
2017-08-11 03:09:44,436 Main               - Closing Connection ...
2017-08-11 03:09:44,437 Main               - Connection is closed!
2017-08-11 03:09:44,441 Main               - Sleep in seconds...
2017-08-11 03:09:45,442 Main               - Getting Connection ...
2017-08-11 03:09:45,443 Main               - Openning Connection ...
2017-08-11 03:09:45,446 Main               - Connection successful!
2017-08-11 03:09:45,448 Main               - Closing Connection ...
2017-08-11 03:09:45,449 Main               - Connection is closed!
2017-08-11 03:09:45,450 Main               - Sleep in seconds...
2017-08-11 03:09:46,456 Main               - Getting Connection ...
2017-08-11 03:09:46,457 Main               - Openning Connection ...
2017-08-11 03:09:46,460 Main               - Connection successful!
2017-08-11 03:09:46,461 Main               - Closing Connection ...
2017-08-11 03:09:46,462 Main               - Connection is closed!
2017-08-11 03:09:46,463 Main               - Sleep in seconds...
2017-08-11 03:09:47,463 Main               - Getting Connection ...
2017-08-11 03:10:01,533 Main               - Openning Connection ...
2017-08-11 03:10:01,548 Main               - Connection successful!
2017-08-11 03:10:01,550 Main               - Closing Connection ...
2017-08-11 03:10:01,551 Main               - Connection is closed!
2017-08-11 03:10:01,552 Main               - Sleep in seconds...
2017-08-11 03:10:02,554 Main               - Getting Connection ...
2017-08-11 03:10:02,554 Main               - Openning Connection ...
2017-08-11 03:10:02,556 Main               - Connection successful!
2017-08-11 03:10:02,558 Main               - Closing Connection ...
2017-08-11 03:10:02,558 Main               - Connection is closed!
2017-08-11 03:10:02,558 Main               - Sleep in seconds...
2017-08-11 03:10:03,559 Main               - Getting Connection ...
2017-08-11 03:10:03,560 Main               - Openning Connection ...
2017-08-11 03:10:03,564 Main               - Connection successful!
2017-08-11 03:10:03,566 Main               - Closing Connection ...
2017-08-11 03:10:03,566 Main               - Connection is closed!
2017-08-11 03:10:03,567 Main               - Sleep in seconds...
2017-08-11 03:10:04,568 Main               - Getting Connection ...
2017-08-11 03:10:04,570 Main               - Openning Connection ...
2017-08-11 03:10:04,573 Main               - Connection successful!
2017-08-11 03:10:04,575 Main               - Closing Connection ...
2017-08-11 03:10:04,575 Main               - Connection is closed!
2017-08-11 03:10:04,577 Main               - Sleep in seconds...
2017-08-11 03:10:05,578 Main               - Getting Connection ...
2017-08-11 03:10:10,965 Main               - Openning Connection ...
2017-08-11 03:10:10,975 Main               - Connection successful!
2017-08-11 03:10:10,977 Main               - Closing Connection ...
2017-08-11 03:10:10,977 Main               - Connection is closed!
2017-08-11 03:10:10,978 Main               - Sleep in seconds...
2017-08-11 03:10:11,981 Main               - Getting Connection ...
2017-08-11 03:10:11,982 Main               - Openning Connection ...
2017-08-11 03:10:11,985 Main               - Connection successful!
2017-08-11 03:10:11,994 Main               - Closing Connection ...
2017-08-11 03:10:11,996 Main               - Connection is closed!
2017-08-11 03:10:11,997 Main               - Sleep in seconds...
2017-08-11 03:10:12,999 Main               - Getting Connection ...
2017-08-11 03:10:12,999 Main               - Openning Connection ...
2017-08-11 03:10:13,001 Main               - Connection successful!
2017-08-11 03:10:13,003 Main               - Closing Connection ...
2017-08-11 03:10:13,003 Main               - Connection is closed!
2017-08-11 03:10:13,004 Main               - Sleep in seconds...
2017-08-11 03:14:36,714 Main               - Getting Connection ...
2017-08-11 03:14:36,767 Main               - Openning Connection ...
2017-08-11 03:14:36,867 Main               - Connection successful!
2017-08-11 03:14:36,869 Main               - Closing Connection ...
2017-08-11 03:14:36,871 Main               - Connection is closed!
2017-08-11 03:14:36,872 Main               - Sleep in seconds...
2017-08-11 03:14:37,872 Main               - Getting Connection ...
2017-08-11 03:14:37,873 Main               - Openning Connection ...
2017-08-11 03:14:37,878 Main               - Connection successful!
2017-08-11 03:14:37,880 Main               - Closing Connection ...
2017-08-11 03:14:37,880 Main               - Connection is closed!
2017-08-11 03:14:37,882 Main               - Sleep in seconds...
2017-08-11 03:14:38,883 Main               - Getting Connection ...
2017-08-11 03:14:38,884 Main               - Openning Connection ...
2017-08-11 03:14:38,887 Main               - Connection successful!
2017-08-11 03:14:38,889 Main               - Closing Connection ...
2017-08-11 03:14:38,890 Main               - Connection is closed!
2017-08-11 03:14:38,892 Main               - Sleep in seconds...
2017-08-11 03:14:39,894 Main               - Getting Connection ...
2017-08-11 03:14:39,901 Main               - Openning Connection ...
2017-08-11 03:14:39,911 Main               - Connection successful!
2017-08-11 03:14:39,913 Main               - Closing Connection ...
2017-08-11 03:14:39,914 Main               - Connection is closed!
2017-08-11 03:14:39,915 Main               - Sleep in seconds...
2017-08-11 03:14:40,917 Main               - Getting Connection ...
2017-08-11 03:14:40,918 Main               - Openning Connection ...
2017-08-11 03:14:40,922 Main               - Connection successful!
2017-08-11 03:14:40,923 Main               - Closing Connection ...
2017-08-11 03:14:40,924 Main               - Connection is closed!
2017-08-11 03:14:40,926 Main               - Sleep in seconds...
2017-08-11 03:14:41,928 Main               - Getting Connection ...
2017-08-11 03:14:41,929 Main               - Openning Connection ...
2017-08-11 03:14:41,932 Main               - Connection successful!
2017-08-11 03:14:41,935 Main               - Closing Connection ...
2017-08-11 03:14:41,935 Main               - Connection is closed!
2017-08-11 03:14:41,938 Main               - Sleep in seconds...
2017-08-11 03:14:42,938 Main               - Getting Connection ...
2017-08-11 03:14:42,940 Main               - Openning Connection ...
2017-08-11 03:14:42,944 Main               - Connection successful!
2017-08-11 03:14:42,947 Main               - Closing Connection ...
2017-08-11 03:14:42,948 Main               - Connection is closed!
2017-08-11 03:14:42,949 Main               - Sleep in seconds...
2017-08-11 03:14:43,951 Main               - Getting Connection ...
2017-08-11 03:14:43,952 Main               - Openning Connection ...
2017-08-11 03:14:43,956 Main               - Connection successful!
2017-08-11 03:14:43,957 Main               - Closing Connection ...
2017-08-11 03:14:43,958 Main               - Connection is closed!
2017-08-11 03:14:43,959 Main               - Sleep in seconds...
2017-08-11 03:14:44,962 Main               - Getting Connection ...
2017-08-11 03:14:44,963 Main               - Openning Connection ...
2017-08-11 03:14:44,967 Main               - Connection successful!
2017-08-11 03:14:44,969 Main               - Closing Connection ...
2017-08-11 03:14:44,970 Main               - Connection is closed!
2017-08-11 03:14:44,971 Main               - Sleep in seconds...
2017-08-11 03:14:45,972 Main               - Getting Connection ...
2017-08-11 03:14:45,973 Main               - Openning Connection ...
2017-08-11 03:14:45,976 Main               - Connection successful!
2017-08-11 03:14:45,979 Main               - Closing Connection ...
2017-08-11 03:14:45,979 Main               - Connection is closed!
2017-08-11 03:14:45,981 Main               - Sleep in seconds...
2017-08-11 03:14:46,982 Main               - Getting Connection ...
2017-08-11 03:14:46,983 Main               - Openning Connection ...
2017-08-11 03:14:46,985 Main               - Connection successful!
2017-08-11 03:14:46,987 Main               - Closing Connection ...
2017-08-11 03:14:46,988 Main               - Connection is closed!
2017-08-11 03:14:46,989 Main               - Sleep in seconds...
2017-08-11 03:14:47,990 Main               - Getting Connection ...
2017-08-11 03:14:47,991 Main               - Openning Connection ...
2017-08-11 03:14:47,995 Main               - Connection successful!
2017-08-11 03:14:47,998 Main               - Closing Connection ...
2017-08-11 03:14:47,998 Main               - Connection is closed!
2017-08-11 03:14:48,000 Main               - Sleep in seconds...
2017-08-11 03:14:49,002 Main               - Getting Connection ...
2017-08-11 03:14:49,002 Main               - Openning Connection ...
2017-08-11 03:14:49,005 Main               - Connection successful!
2017-08-11 03:14:49,007 Main               - Closing Connection ...
2017-08-11 03:14:49,008 Main               - Connection is closed!
2017-08-11 03:14:49,008 Main               - Sleep in seconds...
2017-08-11 03:14:50,009 Main               - Getting Connection ...
2017-08-11 03:14:50,009 Main               - Openning Connection ...
2017-08-11 03:14:50,011 Main               - Connection successful!
2017-08-11 03:14:50,013 Main               - Closing Connection ...
2017-08-11 03:14:50,014 Main               - Connection is closed!
2017-08-11 03:14:50,015 Main               - Sleep in seconds...
2017-08-11 03:14:51,016 Main               - Getting Connection ...
2017-08-11 03:14:51,017 Main               - Openning Connection ...
2017-08-11 03:14:51,019 Main               - Connection successful!
2017-08-11 03:14:51,021 Main               - Closing Connection ...
2017-08-11 03:14:51,021 Main               - Connection is closed!
2017-08-11 03:14:51,023 Main               - Sleep in seconds...
2017-08-11 03:14:52,025 Main               - Getting Connection ...
2017-08-11 03:14:52,026 Main               - Openning Connection ...
2017-08-11 03:14:52,028 Main               - Connection successful!
2017-08-11 03:14:52,030 Main               - Closing Connection ...
2017-08-11 03:14:52,031 Main               - Connection is closed!
2017-08-11 03:14:52,033 Main               - Sleep in seconds...
2017-08-11 03:14:53,034 Main               - Getting Connection ...
2017-08-11 03:14:53,035 Main               - Openning Connection ...
2017-08-11 03:14:53,038 Main               - Connection successful!
2017-08-11 03:14:53,041 Main               - Closing Connection ...
2017-08-11 03:14:53,042 Main               - Connection is closed!
2017-08-11 03:14:53,045 Main               - Sleep in seconds...
2017-08-11 03:14:54,047 Main               - Getting Connection ...
2017-08-11 03:14:54,048 Main               - Openning Connection ...
2017-08-11 03:14:54,051 Main               - Connection successful!
2017-08-11 03:14:54,053 Main               - Closing Connection ...
2017-08-11 03:14:54,054 Main               - Connection is closed!
2017-08-11 03:14:54,055 Main               - Sleep in seconds...
2017-08-11 03:14:55,057 Main               - Getting Connection ...
2017-08-11 03:14:55,058 Main               - Openning Connection ...
2017-08-11 03:14:55,061 Main               - Connection successful!
2017-08-11 03:14:55,064 Main               - Closing Connection ...
2017-08-11 03:14:55,064 Main               - Connection is closed!
2017-08-11 03:14:55,066 Main               - Sleep in seconds...
2017-08-11 03:14:56,067 Main               - Getting Connection ...
2017-08-11 03:14:56,068 Main               - Openning Connection ...
2017-08-11 03:14:56,071 Main               - Connection successful!
2017-08-11 03:14:56,074 Main               - Closing Connection ...
2017-08-11 03:14:56,075 Main               - Connection is closed!
2017-08-11 03:14:56,076 Main               - Sleep in seconds...
2017-08-11 03:14:57,078 Main               - Getting Connection ...
2017-08-11 03:14:57,080 Main               - Openning Connection ...
2017-08-11 03:14:57,084 Main               - Connection successful!
2017-08-11 03:14:57,086 Main               - Closing Connection ...
2017-08-11 03:14:57,087 Main               - Connection is closed!
2017-08-11 03:14:57,088 Main               - Sleep in seconds...
2017-08-11 03:14:58,089 Main               - Getting Connection ...
2017-08-11 03:14:58,089 Main               - Openning Connection ...
2017-08-11 03:14:58,091 Main               - Connection successful!
2017-08-11 03:14:58,093 Main               - Closing Connection ...
2017-08-11 03:14:58,093 Main               - Connection is closed!
2017-08-11 03:14:58,094 Main               - Sleep in seconds...
2017-08-11 03:16:40,135 Main               - --------------------------------------------------
2017-08-11 03:16:40,154 Main               - Getting Connection ...
2017-08-11 03:16:40,185 Main               - Openning Connection ...
2017-08-11 03:16:40,317 Main               - Connection successful!
2017-08-11 03:16:40,320 Main               - guiphieucanId 17
2017-08-11 03:16:40,321 Main               - logcanxeId 25469
2017-08-11 03:16:40,326 prepareData        - Openning Connection 2...
2017-08-11 03:16:40,340 prepareData        - Connection 2 successful!
2017-08-11 03:21:18,294 Main               - --------------------------------------------------
2017-08-11 03:21:18,335 Main               - Getting Connection ...
2017-08-11 03:21:18,375 Main               - Openning Connection ...
2017-08-11 03:21:18,572 Main               - Connection successful!
2017-08-11 03:21:18,577 Main               - guiphieucanId 17
2017-08-11 03:21:18,577 Main               - logcanxeId 25469
2017-08-11 03:21:18,583 prepareData        - Openning Connection 2...
2017-08-11 03:21:18,596 prepareData        - Connection 2 successful!
2017-08-11 03:21:56,427 prepareData        - Error: Unable to connect to the remote server
2017-08-11 03:22:15,571 prepareData        - Closing Connection 2...
2017-08-11 03:22:15,575 prepareData        - Connection 2 is closed!
2017-08-11 03:22:15,578 Main               - Start pushing...
2017-08-11 03:22:15,579 Main               - Done
2017-08-11 03:22:15,580 Main               - Closing Connection ...
2017-08-11 03:22:15,581 Main               - Connection is closed!
2017-08-11 03:22:15,581 Main               - Sleep in seconds...
2017-08-11 03:22:16,581 Main               - Getting Connection ...
2017-08-11 03:22:16,586 Main               - Openning Connection ...
2017-08-11 03:22:16,591 Main               - Connection successful!
2017-08-11 03:22:16,593 Main               - Closing Connection ...
2017-08-11 03:22:16,593 Main               - Connection is closed!
2017-08-11 03:22:16,593 Main               - Sleep in seconds...
2017-08-11 03:22:17,594 Main               - Getting Connection ...
2017-08-11 03:22:17,595 Main               - Openning Connection ...
2017-08-11 03:22:17,597 Main               - Connection successful!
2017-08-11 03:22:17,599 Main               - Closing Connection ...
2017-08-11 03:22:17,600 Main               - Connection is closed!
2017-08-11 03:22:17,602 Main               - Sleep in seconds...
2017-08-11 03:22:18,603 Main               - Getting Connection ...
2017-08-11 03:22:18,605 Main               - Openning Connection ...
2017-08-11 03:22:18,608 Main               - Connection successful!
2017-08-11 03:22:18,610 Main               - Closing Connection ...
2017-08-11 03:22:18,611 Main               - Connection is closed!
2017-08-11 03:22:18,613 Main               - Sleep in seconds...
2017-08-11 03:22:19,614 Main               - Getting Connection ...
2017-08-11 03:22:19,615 Main               - Openning Connection ...
2017-08-11 03:22:19,617 Main               - Connection successful!
2017-08-11 03:22:19,619 Main               - Closing Connection ...
2017-08-11 03:22:19,620 Main               - Connection is closed!
2017-08-11 03:22:19,621 Main               - Sleep in seconds...
2017-08-11 03:22:20,623 Main               - Getting Connection ...
2017-08-11 03:22:22,821 Main               - Openning Connection ...
2017-08-11 03:22:22,825 Main               - Connection successful!
2017-08-11 03:22:22,827 Main               - Closing Connection ...
2017-08-11 03:22:22,828 Main               - Connection is closed!
2017-08-11 03:22:22,830 Main               - Sleep in seconds...
2017-08-11 03:22:23,831 Main               - Getting Connection ...
2017-08-11 03:22:23,832 Main               - Openning Connection ...
2017-08-11 03:22:23,834 Main               - Connection successful!
2017-08-11 03:22:23,836 Main               - Closing Connection ...
2017-08-11 03:22:23,837 Main               - Connection is closed!
2017-08-11 03:22:23,838 Main               - Sleep in seconds...
2017-08-11 03:22:24,839 Main               - Getting Connection ...
2017-08-11 03:22:24,840 Main               - Openning Connection ...
2017-08-11 03:22:24,844 Main               - Connection successful!
2017-08-11 03:22:24,846 Main               - Closing Connection ...
2017-08-11 03:22:24,847 Main               - Connection is closed!
2017-08-11 03:22:24,848 Main               - Sleep in seconds...
2017-08-11 03:22:25,849 Main               - Getting Connection ...
2017-08-11 03:22:25,850 Main               - Openning Connection ...
2017-08-11 03:22:25,855 Main               - Connection successful!
2017-08-11 03:22:25,857 Main               - Closing Connection ...
2017-08-11 03:22:25,857 Main               - Connection is closed!
2017-08-11 03:22:25,859 Main               - Sleep in seconds...
2017-08-11 03:22:26,862 Main               - Getting Connection ...
2017-08-11 03:22:26,863 Main               - Openning Connection ...
2017-08-11 03:22:26,865 Main               - Connection successful!
2017-08-11 03:22:26,868 Main               - Closing Connection ...
2017-08-11 03:22:26,868 Main               - Connection is closed!
2017-08-11 03:22:26,870 Main               - Sleep in seconds...
2017-08-11 03:22:27,871 Main               - Getting Connection ...
2017-08-11 03:22:27,872 Main               - Openning Connection ...
2017-08-11 03:22:27,876 Main               - Connection successful!
2017-08-11 03:22:27,877 Main               - Closing Connection ...
2017-08-11 03:22:27,878 Main               - Connection is closed!
2017-08-11 03:22:27,879 Main               - Sleep in seconds...
2017-08-11 03:22:28,881 Main               - Getting Connection ...
2017-08-11 03:22:28,882 Main               - Openning Connection ...
2017-08-11 03:22:28,885 Main               - Connection successful!
2017-08-11 03:22:28,887 Main               - Closing Connection ...
2017-08-11 03:22:28,888 Main               - Connection is closed!
2017-08-11 03:22:28,889 Main               - Sleep in seconds...
2017-08-11 03:22:29,892 Main               - Getting Connection ...
2017-08-11 03:22:29,893 Main               - Openning Connection ...
2017-08-11 03:22:29,897 Main               - Connection successful!
2017-08-11 03:22:29,899 Main               - Closing Connection ...
2017-08-11 03:22:29,899 Main               - Connection is closed!
2017-08-11 03:22:29,900 Main               - Sleep in seconds...
2017-08-11 03:22:30,900 Main               - Getting Connection ...
2017-08-11 03:22:30,901 Main               - Openning Connection ...
2017-08-11 03:22:30,904 Main               - Connection successful!
2017-08-11 03:22:30,906 Main               - Closing Connection ...
2017-08-11 03:22:30,907 Main               - Connection is closed!
2017-08-11 03:22:30,908 Main               - Sleep in seconds...
2017-08-11 03:22:31,910 Main               - Getting Connection ...
2017-08-11 03:22:31,911 Main               - Openning Connection ...
2017-08-11 03:22:31,913 Main               - Connection successful!
2017-08-11 03:22:31,915 Main               - Closing Connection ...
2017-08-11 03:22:31,917 Main               - Connection is closed!
2017-08-11 03:22:31,918 Main               - Sleep in seconds...
2017-08-11 03:22:32,919 Main               - Getting Connection ...
2017-08-11 03:22:32,919 Main               - Openning Connection ...
2017-08-11 03:22:32,922 Main               - Connection successful!
2017-08-11 03:22:32,924 Main               - Closing Connection ...
2017-08-11 03:22:32,925 Main               - Connection is closed!
2017-08-11 03:22:32,926 Main               - Sleep in seconds...
2017-08-11 03:22:33,935 Main               - Getting Connection ...
2017-08-11 03:22:33,936 Main               - Openning Connection ...
2017-08-11 03:22:33,948 Main               - Connection successful!
2017-08-11 03:22:33,950 Main               - Closing Connection ...
2017-08-11 03:22:33,952 Main               - Connection is closed!
2017-08-11 03:22:33,954 Main               - Sleep in seconds...
2017-08-11 03:22:34,955 Main               - Getting Connection ...
2017-08-11 03:22:34,955 Main               - Openning Connection ...
2017-08-11 03:22:34,957 Main               - Connection successful!
2017-08-11 03:22:34,959 Main               - Closing Connection ...
2017-08-11 03:22:34,959 Main               - Connection is closed!
2017-08-11 03:22:34,959 Main               - Sleep in seconds...
2017-08-11 03:22:35,960 Main               - Getting Connection ...
2017-08-11 03:22:35,961 Main               - Openning Connection ...
2017-08-11 03:22:35,971 Main               - Connection successful!
2017-08-11 03:22:35,973 Main               - Closing Connection ...
2017-08-11 03:22:35,974 Main               - Connection is closed!
2017-08-11 03:22:35,975 Main               - Sleep in seconds...
2017-08-11 03:22:36,978 Main               - Getting Connection ...
2017-08-11 03:22:36,980 Main               - Openning Connection ...
2017-08-11 03:22:36,983 Main               - Connection successful!
2017-08-11 03:22:36,985 Main               - Closing Connection ...
2017-08-11 03:22:36,985 Main               - Connection is closed!
2017-08-11 03:22:36,987 Main               - Sleep in seconds...
2017-08-11 03:22:37,988 Main               - Getting Connection ...
2017-08-11 03:22:37,989 Main               - Openning Connection ...
2017-08-11 03:22:37,991 Main               - Connection successful!
2017-08-11 03:22:37,993 Main               - Closing Connection ...
2017-08-11 03:22:37,994 Main               - Connection is closed!
2017-08-11 03:22:37,995 Main               - Sleep in seconds...
2017-08-11 03:22:38,997 Main               - Getting Connection ...
2017-08-11 03:22:38,998 Main               - Openning Connection ...
2017-08-11 03:22:39,002 Main               - Connection successful!
2017-08-11 03:22:39,004 Main               - Closing Connection ...
2017-08-11 03:22:39,005 Main               - Connection is closed!
2017-08-11 03:22:39,006 Main               - Sleep in seconds...
2017-08-11 03:22:40,007 Main               - Getting Connection ...
2017-08-11 03:22:40,008 Main               - Openning Connection ...
2017-08-11 03:22:40,013 Main               - Connection successful!
2017-08-11 03:22:40,017 Main               - Closing Connection ...
2017-08-11 03:22:40,017 Main               - Connection is closed!
2017-08-11 03:22:40,018 Main               - Sleep in seconds...
2017-08-11 03:22:41,019 Main               - Getting Connection ...
2017-08-11 03:22:45,846 Main               - Openning Connection ...
2017-08-11 03:22:45,851 Main               - Connection successful!
2017-08-11 03:22:45,853 Main               - Closing Connection ...
2017-08-11 03:22:45,854 Main               - Connection is closed!
2017-08-11 03:22:45,855 Main               - Sleep in seconds...
2017-08-11 03:22:46,856 Main               - Getting Connection ...
2017-08-11 03:22:46,857 Main               - Openning Connection ...
2017-08-11 03:22:46,860 Main               - Connection successful!
2017-08-11 03:22:46,862 Main               - Closing Connection ...
2017-08-11 03:22:46,863 Main               - Connection is closed!
2017-08-11 03:22:46,863 Main               - Sleep in seconds...
